+l
warning: Source file is more recent than executable.
11	    int sum;
12	    sum =a+b;
13	    return sum;   
14	}
15	void output(int a, int b, int sum){
16	    printf("the sum of %d and %d is %d\n",a,b,sum);
17	}
18	int main(){
19	    int num1,num2,result;
20	    num1=input();
+b 6
Breakpoint 1 at 0x401422: file c:\Users\RA ELE\OneDrive\Desktop\Prachi Code\fpc-advanced-classroom-1st-year-assignment-PrachiJagdale05\set01\problem03.c, line 6.
+b 12
Breakpoint 2 at 0x401440: file c:\Users\RA ELE\OneDrive\Desktop\Prachi Code\fpc-advanced-classroom-1st-year-assignment-PrachiJagdale05\set01\problem03.c, line 12.
+b main
Breakpoint 3 at 0x401488: file c:\Users\RA ELE\OneDrive\Desktop\Prachi Code\fpc-advanced-classroom-1st-year-assignment-PrachiJagdale05\set01\problem03.c, line 20.
+info b
Num     Type           Disp Enb Address    What
1       breakpoint     keep y   0x00401422 in input 
                                           at c:\Users\RA ELE\OneDrive\Desktop\Prachi Code\fpc-advanced-classroom-1st-year-assignment-PrachiJagdale05\set01\problem03.c:6
2       breakpoint     keep y   0x00401440 in add 
                                           at c:\Users\RA ELE\OneDrive\Desktop\Prachi Code\fpc-advanced-classroom-1st-year-assignment-PrachiJagdale05\set01\problem03.c:12
3       breakpoint     keep y   0x00401488 in main 
                                           at c:\Users\RA ELE\OneDrive\Desktop\Prachi Code\fpc-advanced-classroom-1st-year-assignment-PrachiJagdale05\set01\problem03.c:20
+r
Starting program: c:\Users\RA ELE\OneDrive\Desktop\Prachi Code\fpc-advanced-classroom-1st-year-assignment-PrachiJagdale05\set01/./problem03.exe 
[New Thread 9892.0x2d30]
[New Thread 9892.0x2d88]

Breakpoint 3, main () at c:\Users\RA ELE\OneDrive\Desktop\Prachi Code\fpc-advanced-classroom-1st-year-assignment-PrachiJagdale05\set01\problem03.c:20
20	    num1=input();
+n

Breakpoint 1, input () at c:\Users\RA ELE\OneDrive\Desktop\Prachi Code\fpc-advanced-classroom-1st-year-assignment-PrachiJagdale05\set01\problem03.c:6
6	    scanf("%d",&a);
+n
7	    return a;
+p num1
No symbol "num1" in current context.
+p a
$1 = 6
+n
[New Thread 9892.0x2b60]
9	}
+n
main () at c:\Users\RA ELE\OneDrive\Desktop\Prachi Code\fpc-advanced-classroom-1st-year-assignment-PrachiJagdale05\set01\problem03.c:21
21	    num2=input();
+step
input () at c:\Users\RA ELE\OneDrive\Desktop\Prachi Code\fpc-advanced-classroom-1st-year-assignment-PrachiJagdale05\set01\problem03.c:5
5	    printf("enter a number :");
+n

Breakpoint 1, input () at c:\Users\RA ELE\OneDrive\Desktop\Prachi Code\fpc-advanced-classroom-1st-year-assignment-PrachiJagdale05\set01\problem03.c:6
6	    scanf("%d",&a);
+n
7	    return a;
+p a
$2 = 8
+n
9	}
+n
main () at c:\Users\RA ELE\OneDrive\Desktop\Prachi Code\fpc-advanced-classroom-1st-year-assignment-PrachiJagdale05\set01\problem03.c:22
22	    result=add(num1,num2);
+n

Breakpoint 2, add (a=6, b=8) at c:\Users\RA ELE\OneDrive\Desktop\Prachi Code\fpc-advanced-classroom-1st-year-assignment-PrachiJagdale05\set01\problem03.c:12
12	    sum =a+b;
+p sum
$3 = 467250370
+n
13	    return sum;   
+p sum
$4 = 14
+n
14	}
+n
main () at c:\Users\RA ELE\OneDrive\Desktop\Prachi Code\fpc-advanced-classroom-1st-year-assignment-PrachiJagdale05\set01\problem03.c:23
23	    output(num1,num2,result);
+n
24	    return 0;
+n
25	}+n
0x00401233 in __register_frame_info ()
+quit
A debugging session is active.

	Inferior 1 [process 9892] will be killed.

Quit anyway? (y or n) error return ../../gdb-7.6.1/gdb/windows-nat.c:1275 was 5
